-------------------------------------------------------------------------------
Test set: com.bezkoder.springjwt.SpringBootSecurityJwtApplicationTests
-------------------------------------------------------------------------------
Tests run: 1, Failures: 0, Errors: 1, Skipped: 0, Time elapsed: 4.15 s <<< FAILURE! - in com.bezkoder.springjwt.SpringBootSecurityJwtApplicationTests
contextLoads  Time elapsed: 0.001 s  <<< ERROR!
java.lang.IllegalStateException: Failed to load ApplicationContext
Caused by: java.lang.IllegalStateException: Failed to introspect Class [com.bezkoder.springjwt.Service.ExperienciaService] from ClassLoader [jdk.internal.loader.ClassLoaders$AppClassLoader@4e0e2f2a]
Caused by: java.lang.NoClassDefFoundError: com/bezkoder/springjwt/Repository/ExperienciaRepository
Caused by: java.lang.ClassNotFoundException: com.bezkoder.springjwt.Repository.ExperienciaRepository

